1
D: * * 1194 * * 938 995 3255 0 2619 * 1485 * * 322 * * * 3592 2964 1412 1271 96 * * 3317 2101 * 544 * 999 *
P: 9 9 9 9 9 9 9 9 9 9 9 9 9 9 9 9 9 9 9 9 9 9 9 9 9 9 9 9 9 9 9 9
2
D: 948 * 1194 4210 651 938 995 3255 0 2619 * 1485 * 1344 322 * 1676 * 2586 2964 1412 1271 96 * 246 3317 2101 * 544 3361 999 *
P: 23 9 9 23 23 9 9 9 9 9 9 9 9 23 9 9 23 9 23 9 9 9 9 9 23 9 9 9 9 23 9 9
3
D: 948 391 608 4210 651 938 995 943 0 1885 706 1485 * 1344 322 3118 1676 1214 720 2964 1412 1271 96 1993 246 3317 2101 * 544 3361 999 *
P: 23 25 25 23 23 9 9 25 9 25 25 9 9 23 9 25 23 25 25 9 9 9 9 25 23 9 9 9 9 23 9 9
4
D: 948 391 608 4210 651 938 995 943 0 1885 706 1054 3608 1344 322 617 405 1214 720 1157 429 1271 96 1636 246 3317 2101 * 544 1838 999 *
P: 23 25 25 23 23 9 9 25 9 25 25 15 15 23 9 15 15 25 25 15 15 9 9 15 23 9 9 9 9 15 9 9
5
D: 948 391 608 4210 651 912 995 943 0 1885 706 1054 3608 454 322 617 405 1214 720 1157 429 1271 96 1141 246 3317 2000 * 544 1838 999 *
P: 23 25 25 23 23 2 9 25 9 25 25 15 15 2 9 15 15 25 25 15 15 9 9 2 23 9 2 9 9 15 9 9
6
D: 948 391 608 2268 651 912 995 943 0 1885 706 1054 3608 454 322 617 405 1214 720 1157 429 1271 96 1141 246 3317 2000 3135 544 1838 999 472
P: 23 25 25 17 23 2 9 25 9 25 25 15 15 2 9 15 15 25 25 15 15 9 9 2 23 9 2 17 9 15 9 17
7
D: 722 391 608 2268 651 912 995 943 0 1885 706 1054 3608 454 322 617 405 1214 720 1157 429 1271 96 1141 246 3317 2000 1116 544 1838 871 472
P: 21 25 25 17 23 2 9 25 9 25 25 15 15 2 9 15 15 25 25 15 15 9 9 2 23 9 2 21 9 15 21 17
8
D: 722 391 608 2268 651 912 995 943 0 1885 706 1054 772 454 322 617 405 1214 720 1157 429 1271 96 1141 246 1913 1191 1116 544 1496 871 472
P: 21 25 25 17 23 2 9 25 9 25 25 15 14 2 9 15 15 25 25 15 15 9 9 2 23 14 14 21 9 14 21 17
9
D: 722 391 608 2268 651 912 995 943 0 1885 706 1054 772 454 322 617 405 1214 720 1157 429 1271 96 1141 246 1913 1188 1116 544 1496 871 472
P: 21 25 25 17 23 2 9 25 9 25 25 15 14 2 9 15 15 25 25 15 15 9 9 2 23 14 32 21 9 14 21 17
10
D: 722 391 608 2268 651 912 995 943 0 1885 706 1054 772 454 322 617 405 1214 720 1157 429 1271 96 1141 246 1913 1188 1116 544 1496 871 472
P: 21 25 25 17 23 2 9 25 9 25 25 15 14 2 9 15 15 25 25 15 15 9 9 2 23 14 32 21 9 14 21 17
11
D: 722 391 608 2268 642 912 995 943 0 1885 706 1054 772 454 322 617 405 1214 720 1157 429 1271 96 1141 246 1301 1188 1116 544 1496 871 472
P: 21 25 25 17 3 2 9 25 9 25 25 15 14 2 9 15 15 25 25 15 15 9 9 2 23 3 32 21 9 14 21 17
12
D: 722 391 608 2268 642 912 995 943 0 1885 706 1054 772 454 322 617 405 1214 720 832 429 1271 96 1141 246 1301 1188 653 544 1496 871 472
P: 21 25 25 17 3 2 9 25 9 25 25 15 14 2 9 15 15 25 25 16 15 9 9 2 23 3 32 16 9 14 21 17
13
D: 722 391 608 2268 642 912 995 943 0 1885 706 1054 772 454 322 617 405 1214 720 832 429 1271 96 1141 246 879 1188 653 544 1496 871 472
P: 21 25 25 17 3 2 9 25 9 25 25 15 14 2 9 15 15 25 25 16 15 9 9 2 23 5 32 16 9 14 21 17
14
D: 722 391 608 1199 642 912 995 943 0 1157 706 1054 772 454 322 617 405 1084 720 832 429 1271 96 1141 246 879 1188 653 544 1496 871 472
P: 21 25 25 28 3 2 9 25 9 28 25 15 14 2 9 15 15 28 25 16 15 9 9 2 23 5 32 16 9 14 21 17
15
D: 722 391 608 1199 642 912 995 943 0 1157 706 1054 772 454 322 617 405 1084 720 832 429 1271 96 1141 246 879 1188 653 544 1496 871 472
P: 21 25 25 28 3 2 9 25 9 28 25 15 14 2 9 15 15 28 25 16 15 9 9 2 23 5 32 16 9 14 21 17
16
D: 722 391 608 1199 642 912 995 943 0 1157 706 1054 772 454 322 617 405 1084 720 832 429 1271 96 1141 246 879 1188 653 544 1496 871 472
P: 21 25 25 28 3 2 9 25 9 28 25 15 14 2 9 15 15 28 25 16 15 9 9 2 23 5 32 16 9 14 21 17
17
D: 722 391 608 1199 642 912 995 943 0 1157 706 1054 772 454 322 617 405 1084 720 832 429 1271 96 1141 246 879 1188 653 544 1496 871 472
P: 21 25 25 28 3 2 9 25 9 28 25 15 14 2 9 15 15 28 25 16 15 9 9 2 23 5 32 16 9 14 21 17
18
D: 722 391 608 1199 642 912 995 943 0 1157 706 1054 772 454 322 617 405 1084 720 832 429 1271 96 1141 246 879 1188 653 544 1496 871 472
P: 21 25 25 28 3 2 9 25 9 28 25 15 14 2 9 15 15 28 25 16 15 9 9 2 23 5 32 16 9 14 21 17
19
D: 722 391 608 1199 642 912 995 943 0 1157 706 1054 772 454 322 617 405 1084 720 832 429 1271 96 1141 246 879 1188 653 544 1496 871 472
P: 21 25 25 28 3 2 9 25 9 28 25 15 14 2 9 15 15 28 25 16 15 9 9 2 23 5 32 16 9 14 21 17
20
D: 722 391 608 1199 642 912 995 943 0 1157 706 1054 772 454 322 617 405 1084 720 832 429 1271 96 1141 246 879 1188 653 544 1496 871 472
P: 21 25 25 28 3 2 9 25 9 28 25 15 14 2 9 15 15 28 25 16 15 9 9 2 23 5 32 16 9 14 21 17
21
D: 722 391 608 1199 642 912 995 943 0 922 706 1054 772 454 322 617 405 1084 720 832 429 1271 96 1141 246 879 1188 653 544 1496 871 472
P: 21 25 25 28 3 2 9 25 9 26 25 15 14 2 9 15 15 28 25 16 15 9 9 2 23 5 32 16 9 14 21 17
22
D: 722 391 608 1199 642 912 995 943 0 922 706 1054 772 454 322 617 405 1084 720 832 429 1271 96 1141 246 879 1188 653 544 1496 871 472
P: 21 25 25 28 3 2 9 25 9 26 25 15 14 2 9 15 15 28 25 16 15 9 9 2 23 5 32 16 9 14 21 17
23
D: 722 391 608 1199 642 912 995 943 0 922 706 1054 772 454 322 617 405 1084 720 832 429 1271 96 1141 246 879 1188 653 544 1496 871 472
P: 21 25 25 28 3 2 9 25 9 26 25 15 14 2 9 15 15 28 25 16 15 9 9 2 23 5 32 16 9 14 21 17
24
D: 722 391 608 1199 642 912 995 943 0 922 706 1054 772 454 322 617 405 1084 720 832 429 1271 96 1141 246 879 1188 653 544 1496 871 472
P: 21 25 25 28 3 2 9 25 9 26 25 15 14 2 9 15 15 28 25 16 15 9 9 2 23 5 32 16 9 14 21 17
25
D: 722 391 608 1199 642 912 995 943 0 922 706 1054 772 454 322 617 405 1084 720 832 429 1271 96 1141 246 879 1188 653 544 1496 871 472
P: 21 25 25 28 3 2 9 25 9 26 25 15 14 2 9 15 15 28 25 16 15 9 9 2 23 5 32 16 9 14 21 17
26
D: 722 391 608 1199 642 912 995 943 0 922 706 1054 772 454 322 617 405 1084 720 832 429 1271 96 1141 246 879 1188 653 544 1496 871 472
P: 21 25 25 28 3 2 9 25 9 26 25 15 14 2 9 15 15 28 25 16 15 9 9 2 23 5 32 16 9 14 21 17
27
D: 722 391 608 1199 642 912 995 943 0 922 706 1054 772 454 322 617 405 1084 720 832 429 1271 96 1141 246 879 1188 653 544 1496 871 472
P: 21 25 25 28 3 2 9 25 9 26 25 15 14 2 9 15 15 28 25 16 15 9 9 2 23 5 32 16 9 14 21 17
28
D: 722 391 608 1199 642 912 995 943 0 922 706 1054 772 454 322 617 405 1084 720 832 429 1271 96 1141 246 879 1188 653 544 1496 871 472
P: 21 25 25 28 3 2 9 25 9 26 25 15 14 2 9 15 15 28 25 16 15 9 9 2 23 5 32 16 9 14 21 17
29
D: 722 391 608 1199 642 912 995 943 0 922 706 1054 772 454 322 617 405 1084 720 832 429 1271 96 1141 246 879 1188 653 544 1496 871 472
P: 21 25 25 28 3 2 9 25 9 26 25 15 14 2 9 15 15 28 25 16 15 9 9 2 23 5 32 16 9 14 21 17
30
D: 722 391 608 1199 642 912 995 943 0 922 706 1054 772 454 322 617 405 1084 720 832 429 1271 96 1141 246 879 1188 653 544 1496 871 472
P: 21 25 25 28 3 2 9 25 9 26 25 15 14 2 9 15 15 28 25 16 15 9 9 2 23 5 32 16 9 14 21 17
31
D: 722 391 608 1199 642 912 995 943 0 922 706 1054 772 454 322 617 405 1084 720 832 429 1271 96 1141 246 879 1188 653 544 1496 871 472
P: 21 25 25 28 3 2 9 25 9 26 25 15 14 2 9 15 15 28 25 16 15 9 9 2 23 5 32 16 9 14 21 17
