1
D: - 4757 2165 - - 2479 448 - 3469 2669 - - 1101 2178 - - - * 1579 - - 4759 - - 159 - 3385 2952 265 795 4470 1421 2726 - 4660 - 4415 4670
P: 18 18 18 18 18 18 18 18 18 18 18 18 18 18 18 18 18 18 18 18 18 18 18 18 18 18 18 18 18 18 18 18 18 18 18 18 18 18
2
D: 1308 4757 2165 - 1576 2479 448 - 3469 2669 4385 1713 1101 2178 4519 - 1054 * 1579 - - 4759 1195 2264 4349 - 3385 2952 452 795 4470 3805 2726 - 4660 - 4415 4670
P: 22 18 18 18 22 18 18 18 18 18 22 22 18 18 22 18 22 18 18 18 18 18 22 22 22 18 18 18 22 18 18 22 18 18 18 18 18 18
3
D: 1644 4757 2165 - 4479 2479 1499 480 3469 2669 4385 1713 1101 2178 4519 - 4182 * 1579 1653 - 4759 1626 2264 4349 1363 3385 4757 452 795 4470 4291 2726 2288 4660 1075 4415 4670
P: 2 18 18 18 2 18 2 2 18 18 22 22 18 18 22 18 2 18 18 2 18 18 2 22 22 2 18 2 22 18 18 2 18 2 18 2 18 18
4
D: 2731 4757 2165 4751 4479 4494 1499 4428 3469 2669 4385 1713 1101 2178 4519 4182 4182 * 1579 4548 - 4759 1626 2264 4349 1363 3385 4757 452 795 4470 4291 2726 2288 4660 1075 4415 4670
P: 28 18 18 28 2 28 2 28 18 18 22 22 18 18 22 28 2 18 18 28 18 18 2 22 22 2 18 2 22 18 18 2 18 2 18 2 18 18
5
D: 2731 4757 2165 4751 4479 4494 1499 4428 3469 2669 4385 1713 3155 4367 4519 4182 4182 * 1579 4548 1657 4759 1628 4261 4349 1363 3385 4757 452 1452 4470 4751 2726 2288 4660 1429 4415 4670
P: 28 18 18 28 2 28 2 28 18 18 22 22 4 4 22 28 2 18 18 28 4 18 4 4 22 2 18 2 22 4 18 4 18 2 18 4 18 18
6
D: 2731 4757 2165 4751 4479 4570 1499 4428 3469 2669 4385 4195 3285 4367 4519 4182 4182 * 4751 4548 1657 4759 1628 4261 4349 1363 3813 4757 452 4681 4470 4751 2726 3643 4660 1429 4415 4670
P: 28 18 18 28 2 32 2 28 18 18 22 32 32 4 22 28 2 18 32 28 4 18 4 4 22 2 32 2 22 32 18 4 18 32 18 4 18 18
7
D: 2731 4757 4751 4751 4479 4570 1499 4428 3469 4538 4385 4195 3285 4367 4519 4182 4182 * 4751 4548 4751 4759 1850 4261 4349 4405 3813 4757 1094 4681 4470 4751 4200 3643 4660 1429 4415 4670
P: 28 18 19 28 2 32 2 28 18 19 22 32 32 4 22 28 2 18 32 28 19 18 19 4 22 19 32 2 19 32 18 4 19 32 18 4 18 18
8
D: 2731 4757 4751 4751 4479 4570 1819 4428 3469 4538 4385 4195 3285 4367 4519 4182 4182 * 4751 4548 4751 4759 1850 4261 4349 4405 3813 4757 1094 4681 4470 4751 4200 3643 4660 1429 4751 4670
P: 28 18 19 28 2 32 3 28 18 19 22 32 32 4 22 28 2 18 32 28 19 18 19 4 22 19 32 2 19 32 18 4 19 32 18 4 3 18
9
D: 2731 4757 4751 4751 4479 4570 2204 4428 3469 4538 4385 4195 3285 4367 4519 4182 4182 * 4751 4548 4751 4759 1850 4261 4349 4405 3813 4757 1094 4681 4470 4751 4200 3643 4660 1429 4751 4670
P: 28 18 19 28 2 32 21 28 18 19 22 32 32 4 22 28 2 18 32 28 19 18 19 4 22 19 32 2 19 32 18 4 19 32 18 4 3 18
10
D: 3619 4757 4751 4751 4479 4570 2204 4428 3469 4538 4385 4195 3636 4367 4519 4182 4407 * 4751 4548 4751 4759 2048 4261 4349 4405 3813 4757 3536 4681 4470 4751 4200 3643 4660 2745 4751 4670
P: 37 18 19 28 2 32 21 28 18 19 22 32 37 4 22 28 37 18 32 28 19 18 37 4 22 19 32 2 37 32 18 4 19 32 18 37 3 18
11
D: 3619 4757 4751 4751 4479 4570 2204 4428 3469 4538 4385 4195 3636 4367 4519 4182 4407 * 4751 4548 4751 4759 2048 4261 4349 4405 3813 4757 3536 4681 4470 4751 4200 3643 4660 2745 4751 4670
P: 37 18 19 28 2 32 21 28 18 19 22 32 37 4 22 28 37 18 32 28 19 18 37 4 22 19 32 2 37 32 18 4 19 32 18 37 3 18
12
D: 4670 4757 4751 4751 4479 4570 3436 4428 3469 4538 4385 4195 3636 4367 4519 4182 4407 * 4751 4548 4751 4759 2048 4261 4349 4405 3813 4757 3536 4681 4470 4751 4200 3643 4660 2745 4751 4670
P: 38 18 19 28 2 32 38 28 18 19 22 32 37 4 22 28 37 18 32 28 19 18 37 4 22 19 32 2 37 32 18 4 19 32 18 37 3 18
13
D: 4670 4757 4751 4751 4479 4570 3436 4428 3469 4538 4385 4195 3636 4367 4519 4182 4407 * 4751 4548 4751 4759 2048 4261 4349 4405 3813 4757 3536 4681 4470 4751 4200 3643 4660 2745 4751 4670
P: 38 18 19 28 2 32 38 28 18 19 22 32 37 4 22 28 37 18 32 28 19 18 37 4 22 19 32 2 37 32 18 4 19 32 18 37 3 18
14
D: 4670 4757 4751 4751 4479 4570 3436 4428 3469 4660 4385 4195 3636 4367 4519 4182 4407 * 4751 4548 4751 4759 2048 4261 4349 4405 3813 4757 3536 4681 4470 4751 4200 3643 4660 2745 4751 4670
P: 38 18 19 28 2 32 38 28 18 35 22 32 37 4 22 28 37 18 32 28 19 18 37 4 22 19 32 2 37 32 18 4 19 32 18 37 3 18
15
D: 4670 4757 4751 4751 4479 4570 3436 4428 3469 4660 4660 4195 4660 4367 4519 4182 4407 * 4751 4548 4751 4759 2048 4261 4349 4405 3813 4757 3536 4681 4470 4751 4200 3643 4660 2745 4751 4670
P: 38 18 19 28 2 32 38 28 18 35 10 32 10 4 22 28 37 18 32 28 19 18 37 4 22 19 32 2 37 32 18 4 19 32 18 37 3 18
16
D: 4670 4757 4751 4751 4479 4570 3436 4428 3469 4660 4660 4195 4660 4367 4519 4263 4407 * 4751 4548 4751 4759 2048 4261 4349 4405 3813 4757 3536 4681 4470 4751 4227 3643 4660 2745 4751 4670
P: 38 18 19 28 2 32 38 28 18 35 10 32 10 4 22 11 37 18 32 28 19 18 37 4 22 19 32 2 37 32 18 4 11 32 18 37 3 18
17
D: 4670 4757 4751 4751 4479 4570 3436 4539 3469 4660 4660 4195 4660 4367 4519 4263 4407 * 4751 4548 4751 4759 2048 4261 4349 4405 3813 4757 3536 4681 4470 4751 4227 3643 4660 2745 4751 4670
P: 38 18 19 28 2 32 38 13 18 35 10 32 10 4 22 11 37 18 32 28 19 18 37 4 22 19 32 2 37 32 18 4 11 32 18 37 3 18
18
D: 4670 4757 4751 4751 4479 4570 3436 4539 3469 4660 4660 4195 4660 4367 4519 4263 4407 * 4751 4548 4751 4759 4346 4261 4349 4405 3813 4757 3536 4681 4470 4751 4227 3643 4660 2745 4751 4670
P: 38 18 19 28 2 32 38 13 18 35 10 32 10 4 22 11 37 18 32 28 19 18 6 4 22 19 32 2 37 32 18 4 11 32 18 37 3 18
19
D: 4670 4757 4751 4751 4479 4570 3436 4539 3469 4660 4660 4195 4660 4367 4519 4263 4407 * 4751 4548 4751 4759 4346 4261 4349 4405 3813 4757 3536 4681 4470 4751 4227 3643 4660 2745 4751 4670
P: 38 18 19 28 2 32 38 13 18 35 10 32 10 4 22 11 37 18 32 28 19 18 6 4 22 19 32 2 37 32 18 4 11 32 18 37 3 18
20
D: 4670 4757 4751 4751 4479 4570 3436 4539 3469 4660 4660 4195 4660 4367 4519 4263 4407 * 4751 4548 4751 4759 4346 4539 4349 4405 3813 4757 3536 4681 4470 4751 4227 3643 4660 4288 4751 4670
P: 38 18 19 28 2 32 38 13 18 35 10 32 10 4 22 11 37 18 32 28 19 18 6 8 22 19 32 2 37 32 18 4 11 32 18 8 3 18
21
D: 4670 4757 4751 4751 4479 4570 3436 4539 4539 4660 4660 4195 4660 4367 4519 4263 4407 * 4751 4548 4751 4759 4346 4539 4349 4405 4539 4757 3536 4681 4470 4751 4227 3643 4660 4288 4751 4670
P: 38 18 19 28 2 32 38 13 24 35 10 32 10 4 22 11 37 18 32 28 19 18 6 8 22 19 24 2 37 32 18 4 11 32 18 8 3 18
22
D: 4670 4757 4751 4751 4479 4570 3436 4539 4539 4660 4660 4195 4660 4367 4519 4263 4407 * 4751 4548 4751 4759 4346 4539 4349 4405 4539 4757 3536 4681 4470 4751 4227 3643 4660 4288 4751 4670
P: 38 18 19 28 2 32 38 13 24 35 10 32 10 4 22 11 37 18 32 28 19 18 6 8 22 19 24 2 37 32 18 4 11 32 18 8 3 18
23
D: 4670 4757 4751 4751 4479 4570 3436 4539 4539 4660 4660 4195 4660 4367 4519 4263 4407 * 4751 4548 4751 4759 4346 4539 4349 4405 4539 4757 3536 4681 4470 4751 4227 3643 4660 4288 4751 4670
P: 38 18 19 28 2 32 38 13 24 35 10 32 10 4 22 11 37 18 32 28 19 18 6 8 22 19 24 2 37 32 18 4 11 32 18 8 3 18
24
D: 4670 4757 4751 4751 4479 4570 3436 4539 4539 4660 4660 4195 4660 4367 4519 4263 4407 * 4751 4548 4751 4759 4346 4539 4349 4405 4539 4757 3536 4681 4470 4751 4227 3643 4660 4288 4751 4670
P: 38 18 19 28 2 32 38 13 24 35 10 32 10 4 22 11 37 18 32 28 19 18 6 8 22 19 24 2 37 32 18 4 11 32 18 8 3 18
25
D: 4670 4757 4751 4751 4479 4570 3436 4539 4539 4660 4660 4195 4660 4367 4519 4263 4407 * 4751 4548 4751 4759 4346 4539 4349 4405 4539 4757 3536 4681 4470 4751 4227 3643 4660 4288 4751 4670
P: 38 18 19 28 2 32 38 13 24 35 10 32 10 4 22 11 37 18 32 28 19 18 6 8 22 19 24 2 37 32 18 4 11 32 18 8 3 18
26
D: 4670 4757 4751 4751 4479 4570 3436 4539 4539 4660 4660 4195 4660 4367 4519 4263 4407 * 4751 4548 4751 4759 4346 4539 4349 4405 4539 4757 3536 4681 4470 4751 4227 3643 4660 4288 4751 4670
P: 38 18 19 28 2 32 38 13 24 35 10 32 10 4 22 11 37 18 32 28 19 18 6 8 22 19 24 2 37 32 18 4 11 32 18 8 3 18
27
D: 4670 4757 4751 4751 4479 4570 3436 4539 4539 4660 4660 4195 4660 4367 4519 4263 4407 * 4751 4548 4751 4759 4346 4539 4349 4405 4539 4757 3536 4681 4470 4751 4227 3643 4660 4288 4751 4670
P: 38 18 19 28 2 32 38 13 24 35 10 32 10 4 22 11 37 18 32 28 19 18 6 8 22 19 24 2 37 32 18 4 11 32 18 8 3 18
28
D: 4670 4757 4751 4751 4479 4570 3436 4539 4539 4660 4660 4195 4660 4367 4519 4263 4407 * 4751 4548 4751 4759 4346 4539 4349 4405 4539 4757 3536 4681 4470 4751 4227 3643 4660 4288 4751 4670
P: 38 18 19 28 2 32 38 13 24 35 10 32 10 4 22 11 37 18 32 28 19 18 6 8 22 19 24 2 37 32 18 4 11 32 18 8 3 18
29
D: 4670 4757 4751 4751 4479 4570 3436 4539 4539 4660 4660 4195 4660 4367 4519 4263 4407 * 4751 4548 4751 4759 4346 4539 4367 4405 4539 4757 3536 4681 4470 4751 4227 3643 4660 4288 4751 4670
P: 38 18 19 28 2 32 38 13 24 35 10 32 10 4 22 11 37 18 32 28 19 18 6 8 14 19 24 2 37 32 18 4 11 32 18 8 3 18
30
D: 4670 4757 4751 4751 4479 4570 3436 4539 4539 4660 4660 4195 4660 4367 4519 4263 4407 * 4751 4548 4751 4759 4346 4539 4367 4405 4539 4757 3536 4681 4470 4751 4227 3643 4660 4288 4751 4670
P: 38 18 19 28 2 32 38 13 24 35 10 32 10 4 22 11 37 18 32 28 19 18 6 8 14 19 24 2 37 32 18 4 11 32 18 8 3 18
31
D: 4670 4757 4751 4751 4479 4570 3436 4539 4539 4660 4660 4195 4660 4367 4519 4263 4407 * 4751 4548 4751 4759 4346 4539 4367 4405 4539 4757 3536 4681 4470 4751 4227 4346 4660 4288 4751 4670
P: 38 18 19 28 2 32 38 13 24 35 10 32 10 4 22 11 37 18 32 28 19 18 6 8 14 19 24 2 37 32 18 4 11 23 18 8 3 18
32
D: 4670 4757 4751 4751 4479 4570 3436 4539 4539 4660 4660 4195 4660 4367 4519 4346 4407 * 4751 4548 4751 4759 4346 4539 4367 4405 4539 4757 3536 4681 4470 4751 4227 4346 4660 4288 4751 4670
P: 38 18 19 28 2 32 38 13 24 35 10 32 10 4 22 34 37 18 32 28 19 18 6 8 14 19 24 2 37 32 18 4 11 23 18 8 3 18
33
D: 4670 4757 4751 4751 4479 4570 4346 4539 4539 4660 4660 4195 4660 4367 4519 4346 4407 * 4751 4548 4751 4759 4346 4539 4367 4405 4539 4757 3536 4681 4470 4751 4227 4346 4660 4288 4751 4670
P: 38 18 19 28 2 32 16 13 24 35 10 32 10 4 22 34 37 18 32 28 19 18 6 8 14 19 24 2 37 32 18 4 11 23 18 8 3 18
34
D: 4670 4757 4751 4751 4479 4570 4346 4539 4539 4660 4660 4195 4660 4367 4519 4346 4407 * 4751 4548 4751 4759 4346 4539 4367 4405 4539 4757 3536 4681 4470 4751 4262 4346 4660 4288 4751 4670
P: 38 18 19 28 2 32 16 13 24 35 10 32 10 4 22 34 37 18 32 28 19 18 6 8 14 19 24 2 37 32 18 4 7 23 18 8 3 18
35
D: 4670 4757 4751 4751 4479 4570 4346 4539 4539 4660 4660 4195 4660 4367 4519 4346 4407 * 4751 4548 4751 4759 4346 4539 4367 4405 4539 4757 3536 4681 4470 4751 4262 4346 4660 4288 4751 4670
P: 38 18 19 28 2 32 16 13 24 35 10 32 10 4 22 34 37 18 32 28 19 18 6 8 14 19 24 2 37 32 18 4 7 23 18 8 3 18
36
D: 4670 4757 4751 4751 4479 4570 4346 4539 4539 4660 4660 4195 4660 4367 4519 4346 4407 * 4751 4548 4751 4759 4346 4539 4367 4405 4539 4757 3536 4681 4470 4751 4262 4346 4660 4288 4751 4670
P: 38 18 19 28 2 32 16 13 24 35 10 32 10 4 22 34 37 18 32 28 19 18 6 8 14 19 24 2 37 32 18 4 7 23 18 8 3 18
37
D: 4670 4757 4751 4751 4479 4570 4346 4539 4539 4660 4660 4195 4660 4367 4519 4346 4407 * 4751 4548 4751 4759 4346 4539 4367 4405 4539 4757 3536 4681 4470 4751 4262 4346 4660 4288 4751 4670
P: 38 18 19 28 2 32 16 13 24 35 10 32 10 4 22 34 37 18 32 28 19 18 6 8 14 19 24 2 37 32 18 4 7 23 18 8 3 18
